[ 1334.866639] NVMeVirt: Using New Block
[ 1334.866640] NVMeVirt: fill_cell: lpn=3759, size=4096, offset=0
[ 1334.866642] NVMeVirt: Using New Block
[ 1334.866644] NVMeVirt: buffer_allocate: start_lpn=3760, end_lpn=3763, start_offset=0, size=16384
[ 1334.866646] NVMeVirt: check_writebuffer: cnt=4, list_count_nodes=128
[ 1334.866648] NVMeVirt: fill_cell: lpn=3760, size=4096, offset=0
[ 1334.866650] NVMeVirt: Using New Block
[ 1334.866652] NVMeVirt: fill_cell: lpn=3761, size=4096, offset=0
[ 1334.866653] NVMeVirt: Using New Block
[ 1334.866654] NVMeVirt: fill_cell: lpn=3762, size=4096, offset=0
[ 1334.866656] NVMeVirt: Using New Block
[ 1334.866657] NVMeVirt: fill_cell: lpn=3763, size=4096, offset=0
[ 1334.866659] NVMeVirt: Using New Block
[ 1334.866660] NVMeVirt: Time to flush buffer
[ 1334.866663] NVMeVirt: LPN: 880, FTL instance: 0, CH:0, LUN:0, PL:0, BLK:2539, PG:28
[ 1334.866665] NVMeVirt: LPN: 881, FTL instance: 0, CH:0, LUN:0, PL:0, BLK:2539, PG:29
[ 1334.866668] NVMeVirt: LPN: 882, FTL instance: 0, CH:0, LUN:0, PL:0, BLK:2539, PG:30
[ 1334.866670] NVMeVirt: LPN: 883, FTL instance: 0, CH:0, LUN:0, PL:0, BLK:2539, PG:31
[ 1334.866673] NVMeVirt: LPN: 884, FTL instance: 0, CH:1, LUN:0, PL:0, BLK:2539, PG:24
[ 1334.866675] NVMeVirt: LPN: 885, FTL instance: 0, CH:1, LUN:0, PL:0, BLK:2539, PG:25
[ 1334.866678] NVMeVirt: LPN: 886, FTL instance: 0, CH:1, LUN:0, PL:0, BLK:2539, PG:26
[ 1334.866680] NVMeVirt: LPN: 887, FTL instance: 0, CH:1, LUN:0, PL:0, BLK:2539, PG:27
[ 1334.866682] NVMeVirt: LPN: 880, FTL instance: 1, CH:1, LUN:1, PL:0, BLK:2535, PG:24
[ 1334.866685] NVMeVirt: LPN: 881, FTL instance: 1, CH:1, LUN:1, PL:0, BLK:2535, PG:25
[ 1334.866687] NVMeVirt: LPN: 882, FTL instance: 1, CH:1, LUN:1, PL:0, BLK:2535, PG:26
[ 1334.866689] NVMeVirt: LPN: 883, FTL instance: 1, CH:1, LUN:1, PL:0, BLK:2535, PG:27
[ 1334.866692] NVMeVirt: LPN: 884, FTL instance: 1, CH:1, LUN:1, PL:0, BLK:2535, PG:28
[ 1334.866694] NVMeVirt: LPN: 885, FTL instance: 1, CH:1, LUN:1, PL:0, BLK:2535, PG:29
[ 1334.866697] NVMeVirt: LPN: 886, FTL instance: 1, CH:1, LUN:1, PL:0, BLK:2535, PG:30
[ 1334.866699] NVMeVirt: LPN: 887, FTL instance: 1, CH:1, LUN:1, PL:0, BLK:2535, PG:31
[ 1334.866701] NVMeVirt: LPN: 880, FTL instance: 2, CH:0, LUN:0, PL:0, BLK:2544, PG:8
[ 1334.866704] NVMeVirt: LPN: 881, FTL instance: 2, CH:0, LUN:0, PL:0, BLK:2544, PG:9
[ 1334.866706] NVMeVirt: LPN: 882, FTL instance: 2, CH:0, LUN:0, PL:0, BLK:2544, PG:10
[ 1334.866709] NVMeVirt: LPN: 883, FTL instance: 2, CH:0, LUN:0, PL:0, BLK:2544, PG:11
[ 1334.866712] NVMeVirt: LPN: 884, FTL instance: 2, CH:0, LUN:0, PL:0, BLK:2544, PG:12
[ 1334.866714] NVMeVirt: LPN: 885, FTL instance: 2, CH:0, LUN:0, PL:0, BLK:2544, PG:13
[ 1334.866717] NVMeVirt: LPN: 886, FTL instance: 2, CH:0, LUN:0, PL:0, BLK:2544, PG:14
[ 1334.866719] NVMeVirt: LPN: 887, FTL instance: 2, CH:0, LUN:0, PL:0, BLK:2544, PG:15
[ 1334.866722] NVMeVirt: LPN: 880, FTL instance: 3, CH:0, LUN:0, PL:0, BLK:2538, PG:24
[ 1334.866724] NVMeVirt: LPN: 881, FTL instance: 3, CH:0, LUN:0, PL:0, BLK:2538, PG:25
[ 1334.866726] NVMeVirt: LPN: 882, FTL instance: 3, CH:0, LUN:0, PL:0, BLK:2538, PG:26
[ 1334.866728] NVMeVirt: LPN: 883, FTL instance: 3, CH:0, LUN:0, PL:0, BLK:2538, PG:27
[ 1334.866731] NVMeVirt: LPN: 892, FTL instance: 2, CH:1, LUN:0, PL:0, BLK:2544, PG:8
[ 1334.866734] NVMeVirt: LPN: 893, FTL instance: 2, CH:1, LUN:0, PL:0, BLK:2544, PG:9
[ 1334.866736] NVMeVirt: LPN: 894, FTL instance: 2, CH:1, LUN:0, PL:0, BLK:2544, PG:10
[ 1334.866739] NVMeVirt: LPN: 895, FTL instance: 2, CH:1, LUN:0, PL:0, BLK:2544, PG:11
[ 1334.866741] NVMeVirt: LPN: 888, FTL instance: 3, CH:0, LUN:0, PL:0, BLK:2538, PG:28
[ 1334.866743] NVMeVirt: LPN: 889, FTL instance: 3, CH:0, LUN:0, PL:0, BLK:2538, PG:29
[ 1334.866745] NVMeVirt: LPN: 890, FTL instance: 3, CH:0, LUN:0, PL:0, BLK:2538, PG:30
[ 1334.866747] NVMeVirt: LPN: 891, FTL instance: 3, CH:0, LUN:0, PL:0, BLK:2538, PG:31
[ 1334.866750] NVMeVirt: LPN: 892, FTL instance: 3, CH:1, LUN:0, PL:0, BLK:2538, PG:24
[ 1334.866753] NVMeVirt: LPN: 893, FTL instance: 3, CH:1, LUN:0, PL:0, BLK:2538, PG:25
[ 1334.866755] NVMeVirt: LPN: 894, FTL instance: 3, CH:1, LUN:0, PL:0, BLK:2538, PG:26
[ 1334.866757] NVMeVirt: LPN: 895, FTL instance: 3, CH:1, LUN:0, PL:0, BLK:2538, PG:27
[ 1334.866760] NVMeVirt: LPN: 896, FTL instance: 0, CH:1, LUN:0, PL:0, BLK:2539, PG:28
[ 1334.866763] NVMeVirt: LPN: 897, FTL instance: 0, CH:1, LUN:0, PL:0, BLK:2539, PG:29
[ 1334.866765] NVMeVirt: LPN: 898, FTL instance: 0, CH:1, LUN:0, PL:0, BLK:2539, PG:30
[ 1334.866767] NVMeVirt: LPN: 899, FTL instance: 0, CH:1, LUN:0, PL:0, BLK:2539, PG:31
[ 1334.866770] NVMeVirt: LPN: 900, FTL instance: 0, CH:0, LUN:1, PL:0, BLK:2539, PG:24
[ 1334.866773] NVMeVirt: LPN: 901, FTL instance: 0, CH:0, LUN:1, PL:0, BLK:2539, PG:25
[ 1334.866775] NVMeVirt: LPN: 902, FTL instance: 0, CH:0, LUN:1, PL:0, BLK:2539, PG:26
[ 1334.866778] NVMeVirt: LPN: 903, FTL instance: 0, CH:0, LUN:1, PL:0, BLK:2539, PG:27
[ 1334.866781] NVMeVirt: LPN: 896, FTL instance: 1, CH:0, LUN:0, PL:0, BLK:2536, PG:0
[ 1334.866783] NVMeVirt: LPN: 897, FTL instance: 1, CH:0, LUN:0, PL:0, BLK:2536, PG:1
[ 1334.866786] NVMeVirt: LPN: 898, FTL instance: 1, CH:0, LUN:0, PL:0, BLK:2536, PG:2
[ 1334.866788] NVMeVirt: LPN: 899, FTL instance: 1, CH:0, LUN:0, PL:0, BLK:2536, PG:3
[ 1334.866791] NVMeVirt: LPN: 900, FTL instance: 1, CH:0, LUN:0, PL:0, BLK:2536, PG:4
[ 1334.866794] NVMeVirt: LPN: 901, FTL instance: 1, CH:0, LUN:0, PL:0, BLK:2536, PG:5
[ 1334.866796] NVMeVirt: LPN: 902, FTL instance: 1, CH:0, LUN:0, PL:0, BLK:2536, PG:6
[ 1334.866798] NVMeVirt: LPN: 903, FTL instance: 1, CH:0, LUN:0, PL:0, BLK:2536, PG:7
[ 1334.866801] NVMeVirt: LPN: 896, FTL instance: 2, CH:1, LUN:0, PL:0, BLK:2544, PG:12
[ 1334.866803] NVMeVirt: LPN: 897, FTL instance: 2, CH:1, LUN:0, PL:0, BLK:2544, PG:13
[ 1334.866806] NVMeVirt: LPN: 898, FTL instance: 2, CH:1, LUN:0, PL:0, BLK:2544, PG:14
[ 1334.866808] NVMeVirt: LPN: 899, FTL instance: 2, CH:1, LUN:0, PL:0, BLK:2544, PG:15
[ 1334.866811] NVMeVirt: LPN: 900, FTL instance: 2, CH:0, LUN:1, PL:0, BLK:2544, PG:8
[ 1334.866814] NVMeVirt: LPN: 901, FTL instance: 2, CH:0, LUN:1, PL:0, BLK:2544, PG:9
[ 1334.866816] NVMeVirt: LPN: 902, FTL instance: 2, CH:0, LUN:1, PL:0, BLK:2544, PG:10
[ 1334.866819] NVMeVirt: LPN: 903, FTL instance: 2, CH:0, LUN:1, PL:0, BLK:2544, PG:11
[ 1334.866821] NVMeVirt: LPN: 896, FTL instance: 3, CH:1, LUN:0, PL:0, BLK:2538, PG:28
[ 1334.866823] NVMeVirt: LPN: 897, FTL instance: 3, CH:1, LUN:0, PL:0, BLK:2538, PG:29
[ 1334.866826] NVMeVirt: LPN: 898, FTL instance: 3, CH:1, LUN:0, PL:0, BLK:2538, PG:30
[ 1334.866828] NVMeVirt: LPN: 899, FTL instance: 3, CH:1, LUN:0, PL:0, BLK:2538, PG:31
[ 1334.866830] NVMeVirt: LPN: 900, FTL instance: 3, CH:0, LUN:1, PL:0, BLK:2538, PG:24
[ 1334.866832] NVMeVirt: LPN: 901, FTL instance: 3, CH:0, LUN:1, PL:0, BLK:2538, PG:25
[ 1334.866835] NVMeVirt: LPN: 902, FTL instance: 3, CH:0, LUN:1, PL:0, BLK:2538, PG:26
[ 1334.866837] NVMeVirt: LPN: 903, FTL instance: 3, CH:0, LUN:1, PL:0, BLK:2538, PG:27
[ 1334.866839] NVMeVirt: LPN: 904, FTL instance: 0, CH:0, LUN:1, PL:0, BLK:2539, PG:28
[ 1334.866841] NVMeVirt: LPN: 905, FTL instance: 0, CH:0, LUN:1, PL:0, BLK:2539, PG:29
[ 1334.866843] NVMeVirt: LPN: 906, FTL instance: 0, CH:0, LUN:1, PL:0, BLK:2539, PG:30
[ 1334.866846] NVMeVirt: LPN: 907, FTL instance: 0, CH:0, LUN:1, PL:0, BLK:2539, PG:31
[ 1334.866849] NVMeVirt: LPN: 908, FTL instance: 0, CH:1, LUN:1, PL:0, BLK:2539, PG:24
[ 1334.866851] NVMeVirt: LPN: 909, FTL instance: 0, CH:1, LUN:1, PL:0, BLK:2539, PG:25
[ 1334.866854] NVMeVirt: LPN: 910, FTL instance: 0, CH:1, LUN:1, PL:0, BLK:2539, PG:26
[ 1334.866856] NVMeVirt: LPN: 911, FTL instance: 0, CH:1, LUN:1, PL:0, BLK:2539, PG:27
[ 1334.866858] NVMeVirt: LPN: 904, FTL instance: 1, CH:1, LUN:0, PL:0, BLK:2536, PG:0
[ 1334.866861] NVMeVirt: LPN: 905, FTL instance: 1, CH:1, LUN:0, PL:0, BLK:2536, PG:1
[ 1334.866863] NVMeVirt: LPN: 906, FTL instance: 1, CH:1, LUN:0, PL:0, BLK:2536, PG:2
[ 1334.866866] NVMeVirt: LPN: 907, FTL instance: 1, CH:1, LUN:0, PL:0, BLK:2536, PG:3
[ 1334.866868] NVMeVirt: LPN: 908, FTL instance: 1, CH:1, LUN:0, PL:0, BLK:2536, PG:4
[ 1334.866870] NVMeVirt: LPN: 909, FTL instance: 1, CH:1, LUN:0, PL:0, BLK:2536, PG:5
[ 1334.866872] NVMeVirt: LPN: 910, FTL instance: 1, CH:1, LUN:0, PL:0, BLK:2536, PG:6
[ 1334.866875] NVMeVirt: LPN: 911, FTL instance: 1, CH:1, LUN:0, PL:0, BLK:2536, PG:7
[ 1334.866878] NVMeVirt: LPN: 904, FTL instance: 2, CH:0, LUN:1, PL:0, BLK:2544, PG:12
[ 1334.866880] NVMeVirt: LPN: 905, FTL instance: 2, CH:0, LUN:1, PL:0, BLK:2544, PG:13
[ 1334.866883] NVMeVirt: LPN: 906, FTL instance: 2, CH:0, LUN:1, PL:0, BLK:2544, PG:14
[ 1334.866885] NVMeVirt: LPN: 907, FTL instance: 2, CH:0, LUN:1, PL:0, BLK:2544, PG:15
[ 1334.866888] NVMeVirt: LPN: 908, FTL instance: 2, CH:1, LUN:1, PL:0, BLK:2544, PG:8
[ 1334.866890] NVMeVirt: LPN: 909, FTL instance: 2, CH:1, LUN:1, PL:0, BLK:2544, PG:9
[ 1334.866892] NVMeVirt: LPN: 910, FTL instance: 2, CH:1, LUN:1, PL:0, BLK:2544, PG:10
[ 1334.866894] NVMeVirt: LPN: 911, FTL instance: 2, CH:1, LUN:1, PL:0, BLK:2544, PG:11
[ 1334.866896] NVMeVirt: LPN: 904, FTL instance: 3, CH:0, LUN:1, PL:0, BLK:2538, PG:28
[ 1334.866899] NVMeVirt: LPN: 905, FTL instance: 3, CH:0, LUN:1, PL:0, BLK:2538, PG:29
[ 1334.866901] NVMeVirt: LPN: 906, FTL instance: 3, CH:0, LUN:1, PL:0, BLK:2538, PG:30
[ 1334.866903] NVMeVirt: LPN: 907, FTL instance: 3, CH:0, LUN:1, PL:0, BLK:2538, PG:31
[ 1334.866906] NVMeVirt: LPN: 908, FTL instance: 3, CH:1, LUN:1, PL:0, BLK:2538, PG:24
[ 1334.866908] NVMeVirt: LPN: 909, FTL instance: 3, CH:1, LUN:1, PL:0, BLK:2538, PG:25
[ 1334.866911] NVMeVirt: LPN: 910, FTL instance: 3, CH:1, LUN:1, PL:0, BLK:2538, PG:26
[ 1334.866913] NVMeVirt: LPN: 911, FTL instance: 3, CH:1, LUN:1, PL:0, BLK:2538, PG:27
[ 1334.866915] NVMeVirt: LPN: 912, FTL instance: 0, CH:1, LUN:1, PL:0, BLK:2539, PG:28
[ 1334.866917] NVMeVirt: LPN: 913, FTL instance: 0, CH:1, LUN:1, PL:0, BLK:2539, PG:29
[ 1334.866920] NVMeVirt: LPN: 914, FTL instance: 0, CH:1, LUN:1, PL:0, BLK:2539, PG:30
[ 1334.866922] NVMeVirt: LPN: 915, FTL instance: 0, CH:1, LUN:1, PL:0, BLK:2539, PG:31
[ 1334.866925] NVMeVirt: LPN: 916, FTL instance: 0, CH:0, LUN:0, PL:0, BLK:2540, PG:0
[ 1334.866927] NVMeVirt: LPN: 917, FTL instance: 0, CH:0, LUN:0, PL:0, BLK:2540, PG:1
[ 1334.866929] NVMeVirt: LPN: 918, FTL instance: 0, CH:0, LUN:0, PL:0, BLK:2540, PG:2
[ 1334.866932] NVMeVirt: LPN: 919, FTL instance: 0, CH:0, LUN:0, PL:0, BLK:2540, PG:3
[ 1334.866934] NVMeVirt: LPN: 912, FTL instance: 1, CH:0, LUN:1, PL:0, BLK:2536, PG:0
[ 1334.866936] NVMeVirt: LPN: 913, FTL instance: 1, CH:0, LUN:1, PL:0, BLK:2536, PG:1
[ 1334.866938] NVMeVirt: LPN: 914, FTL instance: 1, CH:0, LUN:1, PL:0, BLK:2536, PG:2
[ 1334.866940] NVMeVirt: LPN: 915, FTL instance: 1, CH:0, LUN:1, PL:0, BLK:2536, PG:3
[ 1334.866942] NVMeVirt: LPN: 916, FTL instance: 1, CH:0, LUN:1, PL:0, BLK:2536, PG:4
[ 1334.866944] NVMeVirt: LPN: 917, FTL instance: 1, CH:0, LUN:1, PL:0, BLK:2536, PG:5
[ 1334.866946] NVMeVirt: LPN: 918, FTL instance: 1, CH:0, LUN:1, PL:0, BLK:2536, PG:6
[ 1334.866948] NVMeVirt: LPN: 919, FTL instance: 1, CH:0, LUN:1, PL:0, BLK:2536, PG:7
[ 1334.866951] NVMeVirt: LPN: 912, FTL instance: 2, CH:1, LUN:1, PL:0, BLK:2544, PG:12
[ 1334.866953] NVMeVirt: LPN: 913, FTL instance: 2, CH:1, LUN:1, PL:0, BLK:2544, PG:13
[ 1334.866955] NVMeVirt: LPN: 914, FTL instance: 2, CH:1, LUN:1, PL:0, BLK:2544, PG:14
[ 1334.866958] NVMeVirt: LPN: 915, FTL instance: 2, CH:1, LUN:1, PL:0, BLK:2544, PG:15
[ 1334.866961] NVMeVirt: LPN: 940, FTL instance: 1, CH:1, LUN:1, PL:0, BLK:2536, PG:0
[ 1334.866963] NVMeVirt: LPN: 941, FTL instance: 1, CH:1, LUN:1, PL:0, BLK:2536, PG:1
[ 1334.866965] NVMeVirt: LPN: 942, FTL instance: 1, CH:1, LUN:1, PL:0, BLK:2536, PG:2
[ 1334.866968] NVMeVirt: LPN: 943, FTL instance: 1, CH:1, LUN:1, PL:0, BLK:2536, PG:3
[ 1334.866970] NVMeVirt: LPN: 936, FTL instance: 2, CH:0, LUN:0, PL:0, BLK:2544, PG:16
[ 1334.866972] NVMeVirt: LPN: 937, FTL instance: 2, CH:0, LUN:0, PL:0, BLK:2544, PG:17
[ 1334.866974] NVMeVirt: LPN: 938, FTL instance: 2, CH:0, LUN:0, PL:0, BLK:2544, PG:18
[ 1334.866976] NVMeVirt: LPN: 939, FTL instance: 2, CH:0, LUN:0, PL:0, BLK:2544, PG:19
[ 1334.866979] NVMeVirt: buffer_allocate: start_lpn